TN:
SF:src\App.js
FN:19,App
FN:35,(anonymous_1)
FN:39,(anonymous_2)
FN:42,(anonymous_3)
FN:47,(anonymous_4)
FN:52,(anonymous_5)
FN:54,(anonymous_6)
FN:73,(anonymous_7)
FN:82,(anonymous_8)
FN:89,(anonymous_9)
FN:128,(anonymous_10)
FN:140,(anonymous_11)
FN:150,(anonymous_12)
FN:173,(anonymous_13)
FN:175,(anonymous_14)
FN:193,(anonymous_15)
FN:199,(anonymous_16)
FN:207,(anonymous_17)
FN:230,(anonymous_18)
FN:251,(anonymous_19)
FN:254,(anonymous_20)
FN:255,(anonymous_21)
FN:267,(anonymous_22)
FN:268,(anonymous_23)
FN:290,(anonymous_24)
FN:294,(anonymous_25)
FN:295,(anonymous_26)
FN:297,(anonymous_27)
FN:325,(anonymous_28)
FN:333,(anonymous_29)
FN:341,(anonymous_30)
FN:343,(anonymous_31)
FN:354,(anonymous_32)
FN:356,(anonymous_33)
FN:357,(anonymous_34)
FN:364,(anonymous_35)
FN:377,(anonymous_36)
FN:383,(anonymous_37)
FN:388,(anonymous_38)
FN:392,(anonymous_39)
FN:396,(anonymous_40)
FN:397,(anonymous_41)
FN:400,(anonymous_42)
FN:407,(anonymous_43)
FN:414,(anonymous_44)
FN:419,(anonymous_45)
FN:424,(anonymous_46)
FN:444,(anonymous_47)
FN:448,(anonymous_48)
FN:460,(anonymous_49)
FN:463,(anonymous_50)
FN:468,(anonymous_51)
FN:476,(anonymous_52)
FN:480,(anonymous_53)
FN:483,(anonymous_54)
FN:488,(anonymous_55)
FN:489,(anonymous_56)
FN:496,(anonymous_57)
FN:499,(anonymous_58)
FN:502,(anonymous_59)
FN:507,(anonymous_60)
FN:514,(anonymous_61)
FN:516,(anonymous_62)
FN:520,(anonymous_63)
FN:524,(anonymous_64)
FN:528,(anonymous_65)
FN:540,(anonymous_66)
FNF:67
FNH:40
FNDA:39,App
FNDA:19,(anonymous_1)
FNDA:19,(anonymous_2)
FNDA:1,(anonymous_3)
FNDA:1,(anonymous_4)
FNDA:2,(anonymous_5)
FNDA:0,(anonymous_6)
FNDA:0,(anonymous_7)
FNDA:1,(anonymous_8)
FNDA:1,(anonymous_9)
FNDA:1,(anonymous_10)
FNDA:0,(anonymous_11)
FNDA:0,(anonymous_12)
FNDA:1,(anonymous_13)
FNDA:0,(anonymous_14)
FNDA:1,(anonymous_15)
FNDA:1,(anonymous_16)
FNDA:1,(anonymous_17)
FNDA:1,(anonymous_18)
FNDA:1,(anonymous_19)
FNDA:1,(anonymous_20)
FNDA:1,(anonymous_21)
FNDA:1,(anonymous_22)
FNDA:0,(anonymous_23)
FNDA:1,(anonymous_24)
FNDA:1,(anonymous_25)
FNDA:1,(anonymous_26)
FNDA:1,(anonymous_27)
FNDA:0,(anonymous_28)
FNDA:0,(anonymous_29)
FNDA:0,(anonymous_30)
FNDA:0,(anonymous_31)
FNDA:0,(anonymous_32)
FNDA:0,(anonymous_33)
FNDA:0,(anonymous_34)
FNDA:0,(anonymous_35)
FNDA:0,(anonymous_36)
FNDA:20,(anonymous_37)
FNDA:38,(anonymous_38)
FNDA:1,(anonymous_39)
FNDA:0,(anonymous_40)
FNDA:0,(anonymous_41)
FNDA:11,(anonymous_42)
FNDA:38,(anonymous_43)
FNDA:33,(anonymous_44)
FNDA:19,(anonymous_45)
FNDA:12,(anonymous_46)
FNDA:39,(anonymous_47)
FNDA:13,(anonymous_48)
FNDA:38,(anonymous_49)
FNDA:0,(anonymous_50)
FNDA:0,(anonymous_51)
FNDA:19,(anonymous_52)
FNDA:38,(anonymous_53)
FNDA:0,(anonymous_54)
FNDA:0,(anonymous_55)
FNDA:0,(anonymous_56)
FNDA:19,(anonymous_57)
FNDA:38,(anonymous_58)
FNDA:0,(anonymous_59)
FNDA:0,(anonymous_60)
FNDA:19,(anonymous_61)
FNDA:38,(anonymous_62)
FNDA:0,(anonymous_63)
FNDA:0,(anonymous_64)
FNDA:19,(anonymous_65)
FNDA:0,(anonymous_66)
DA:17,4
DA:20,39
DA:21,39
DA:22,39
DA:23,39
DA:26,39
DA:27,39
DA:28,39
DA:30,39
DA:33,39
DA:34,39
DA:35,39
DA:36,19
DA:37,19
DA:39,39
DA:42,39
DA:43,1
DA:44,1
DA:47,1
DA:48,1
DA:52,1
DA:53,2
DA:54,2
DA:56,2
DA:57,2
DA:61,2
DA:63,2
DA:64,2
DA:66,0
DA:67,0
DA:72,1
DA:73,0
DA:74,0
DA:76,0
DA:77,0
DA:78,0
DA:82,1
DA:83,1
DA:84,0
DA:89,1
DA:90,1
DA:92,1
DA:93,1
DA:96,1
DA:97,1
DA:98,1
DA:99,1
DA:105,0
DA:106,0
DA:110,1
DA:111,0
DA:112,0
DA:113,0
DA:114,0
DA:118,1
DA:120,1
DA:121,1
DA:124,1
DA:128,1
DA:129,1
DA:130,1
DA:135,1
DA:137,1
DA:139,0
DA:140,0
DA:141,0
DA:144,0
DA:145,0
DA:147,0
DA:149,0
DA:150,0
DA:151,0
DA:152,0
DA:157,1
DA:158,1
DA:163,1
DA:168,1
DA:169,0
DA:173,1
DA:175,1
DA:176,0
DA:179,0
DA:183,0
DA:186,1
DA:190,1
DA:191,1
DA:193,1
DA:194,1
DA:199,1
DA:200,1
DA:201,1
DA:206,1
DA:207,1
DA:209,1
DA:217,1
DA:220,1
DA:227,1
DA:230,1
DA:231,1
DA:232,1
DA:233,1
DA:234,1
DA:236,1
DA:242,0
DA:250,1
DA:251,1
DA:254,1
DA:255,1
DA:256,1
DA:257,1
DA:263,1
DA:264,1
DA:267,1
DA:268,1
DA:269,1
DA:273,1
DA:274,1
DA:282,0
DA:283,0
DA:289,1
DA:290,1
DA:293,1
DA:294,1
DA:297,1
DA:298,1
DA:300,1
DA:307,1
DA:310,0
DA:311,0
DA:312,0
DA:322,1
DA:325,39
DA:327,0
DA:328,0
DA:329,0
DA:332,0
DA:333,0
DA:334,0
DA:336,0
DA:341,0
DA:343,39
DA:345,0
DA:347,0
DA:348,0
DA:350,0
DA:351,0
DA:356,0
DA:357,0
DA:358,0
DA:359,0
DA:361,0
DA:366,0
DA:370,0
DA:372,0
DA:377,39
DA:378,0
DA:379,0
DA:383,39
DA:384,20
DA:388,39
DA:389,38
DA:392,11
DA:393,1
DA:396,11
DA:397,0
DA:400,11
DA:401,11
DA:402,11
DA:407,39
DA:408,38
DA:410,0
DA:414,39
DA:415,33
DA:419,39
DA:420,19
DA:421,19
DA:422,13
DA:423,13
DA:424,11
DA:425,12
DA:426,12
DA:427,12
DA:428,12
DA:429,12
DA:430,12
DA:431,12
DA:432,12
DA:434,11
DA:436,2
DA:437,2
DA:440,19
DA:444,39
DA:445,39
DA:446,19
DA:448,20
DA:457,20
DA:460,39
DA:461,38
DA:462,19
DA:463,19
DA:464,0
DA:465,0
DA:466,0
DA:467,0
DA:468,0
DA:471,0
DA:473,0
DA:476,19
DA:480,39
DA:481,38
DA:482,19
DA:483,19
DA:484,0
DA:485,0
DA:486,0
DA:487,0
DA:488,0
DA:489,0
DA:491,0
DA:493,0
DA:496,19
DA:499,39
DA:500,38
DA:501,19
DA:502,19
DA:503,0
DA:504,0
DA:505,0
DA:506,0
DA:507,0
DA:510,0
DA:512,0
DA:514,19
DA:516,39
DA:517,38
DA:520,19
DA:521,0
DA:524,19
DA:525,0
DA:528,19
DA:529,19
DA:530,19
DA:535,39
DA:540,0
LF:244
LH:160
BRDA:37,0,0,19
BRDA:37,0,1,7
BRDA:42,1,0,1
BRDA:43,2,0,1
BRDA:43,2,1,1
BRDA:52,3,0,1
BRDA:63,4,0,0
BRDA:63,4,1,2
BRDA:72,5,0,0
BRDA:72,5,1,1
BRDA:74,6,0,0
BRDA:74,6,1,0
BRDA:83,7,0,0
BRDA:83,7,1,1
BRDA:83,8,0,1
BRDA:83,8,1,1
BRDA:110,9,0,0
BRDA:110,9,1,1
BRDA:124,10,0,1
BRDA:124,10,1,0
BRDA:126,11,0,0
BRDA:126,11,1,0
BRDA:129,12,0,1
BRDA:129,12,1,0
BRDA:129,13,0,1
BRDA:129,13,1,1
BRDA:147,14,0,0
BRDA:147,14,1,0
BRDA:147,15,0,0
BRDA:147,15,1,0
BRDA:157,16,0,1
BRDA:157,16,1,0
BRDA:168,17,0,0
BRDA:168,17,1,1
BRDA:176,18,0,0
BRDA:176,18,1,0
BRDA:178,19,0,0
BRDA:178,19,1,0
BRDA:179,20,0,0
BRDA:179,20,1,0
BRDA:181,21,0,0
BRDA:181,21,1,0
BRDA:183,22,0,0
BRDA:183,22,1,0
BRDA:194,23,0,1
BRDA:194,23,1,0
BRDA:196,24,0,0
BRDA:196,24,1,0
BRDA:200,25,0,1
BRDA:200,25,1,0
BRDA:200,26,0,1
BRDA:200,26,1,1
BRDA:206,27,0,1
BRDA:206,27,1,0
BRDA:233,28,0,1
BRDA:233,28,1,0
BRDA:256,29,0,1
BRDA:256,29,1,0
BRDA:257,30,0,1
BRDA:257,30,1,0
BRDA:263,31,0,1
BRDA:263,31,1,1
BRDA:268,32,0,1
BRDA:268,32,1,0
BRDA:276,33,0,1
BRDA:276,33,1,0
BRDA:282,34,0,0
BRDA:282,34,1,0
BRDA:289,35,0,1
BRDA:289,35,1,0
BRDA:294,36,0,1
BRDA:294,36,1,1
BRDA:298,37,0,1
BRDA:298,37,1,0
BRDA:325,38,0,0
BRDA:327,39,0,0
BRDA:327,39,1,0
BRDA:332,40,0,0
BRDA:332,40,1,0
BRDA:345,41,0,0
BRDA:345,41,1,0
BRDA:345,42,0,0
BRDA:345,42,1,0
BRDA:358,43,0,0
BRDA:358,43,1,0
BRDA:389,44,0,27
BRDA:389,44,1,11
BRDA:389,45,0,38
BRDA:389,45,1,19
BRDA:408,46,0,38
BRDA:408,46,1,0
BRDA:408,47,0,38
BRDA:408,47,1,19
BRDA:421,48,0,13
BRDA:421,48,1,6
BRDA:431,49,0,12
BRDA:431,49,1,12
BRDA:445,50,0,19
BRDA:445,50,1,20
BRDA:461,51,0,19
BRDA:461,51,1,19
BRDA:465,52,0,0
BRDA:465,52,1,0
BRDA:465,53,0,0
BRDA:465,53,1,0
BRDA:481,54,0,19
BRDA:481,54,1,19
BRDA:485,55,0,0
BRDA:485,55,1,0
BRDA:485,56,0,0
BRDA:485,56,1,0
BRDA:500,57,0,19
BRDA:500,57,1,19
BRDA:504,58,0,0
BRDA:504,58,1,0
BRDA:504,59,0,0
BRDA:504,59,1,0
BRDA:517,60,0,19
BRDA:517,60,1,19
BRF:119
BRH:55
end_of_record
TN:
SF:src\HomePage.js
FN:5,HomePage
FNF:1
FNH:1
FNDA:6,HomePage
DA:7,6
DA:10,6
DA:11,2
DA:19,4
LF:4
LH:4
BRDA:7,0,0,6
BRDA:7,0,1,4
BRDA:10,1,0,2
BRDA:10,1,1,4
BRF:4
BRH:4
end_of_record
TN:
SF:src\Map.js
FN:20,MapView
FN:39,(anonymous_1)
FN:58,(anonymous_2)
FN:88,(anonymous_3)
FN:102,(anonymous_4)
FN:115,(anonymous_5)
FN:118,(anonymous_6)
FN:136,qualityToColor
FN:146,txPowerToRadius
FN:168,(anonymous_9)
FN:176,(anonymous_10)
FN:218,(anonymous_11)
FN:228,(anonymous_12)
FN:251,(anonymous_13)
FN:255,(anonymous_14)
FN:277,(anonymous_15)
FN:299,(anonymous_16)
FN:317,(anonymous_17)
FN:361,(anonymous_18)
FN:392,(anonymous_19)
FNF:20
FNH:0
FNDA:0,MapView
FNDA:0,(anonymous_1)
FNDA:0,(anonymous_2)
FNDA:0,(anonymous_3)
FNDA:0,(anonymous_4)
FNDA:0,(anonymous_5)
FNDA:0,(anonymous_6)
FNDA:0,qualityToColor
FNDA:0,txPowerToRadius
FNDA:0,(anonymous_9)
FNDA:0,(anonymous_10)
FNDA:0,(anonymous_11)
FNDA:0,(anonymous_12)
FNDA:0,(anonymous_13)
FNDA:0,(anonymous_14)
FNDA:0,(anonymous_15)
FNDA:0,(anonymous_16)
FNDA:0,(anonymous_17)
FNDA:0,(anonymous_18)
FNDA:0,(anonymous_19)
DA:14,0
DA:26,0
DA:27,0
DA:28,0
DA:29,0
DA:30,0
DA:31,0
DA:32,0
DA:34,0
DA:35,0
DA:36,0
DA:39,0
DA:40,0
DA:42,0
DA:43,0
DA:45,0
DA:48,0
DA:54,0
DA:58,0
DA:59,0
DA:60,0
DA:74,0
DA:78,0
DA:83,0
DA:88,0
DA:89,0
DA:90,0
DA:96,0
DA:98,0
DA:102,0
DA:103,0
DA:105,0
DA:106,0
DA:107,0
DA:109,0
DA:115,0
DA:118,0
DA:119,0
DA:120,0
DA:121,0
DA:122,0
DA:125,0
DA:128,0
DA:137,0
DA:139,0
DA:140,0
DA:141,0
DA:142,0
DA:148,0
DA:149,0
DA:152,0
DA:153,0
DA:154,0
DA:155,0
DA:156,0
DA:159,0
DA:162,0
DA:163,0
DA:165,0
DA:168,0
DA:169,0
DA:172,0
DA:173,0
DA:176,0
DA:177,0
DA:180,0
DA:182,0
DA:184,0
DA:185,0
DA:192,0
DA:194,0
DA:195,0
DA:197,0
DA:198,0
DA:200,0
DA:201,0
DA:203,0
DA:204,0
DA:206,0
DA:207,0
DA:209,0
DA:212,0
DA:218,0
DA:219,0
DA:220,0
DA:221,0
DA:222,0
DA:225,0
DA:228,0
DA:229,0
DA:230,0
DA:232,0
DA:235,0
DA:237,0
DA:251,0
DA:255,0
DA:260,0
DA:261,0
DA:262,0
DA:263,0
DA:264,0
DA:265,0
DA:273,0
DA:274,0
DA:277,0
DA:278,0
DA:279,0
DA:280,0
DA:287,0
DA:299,0
DA:318,0
DA:319,0
DA:361,0
DA:392,0
DA:393,0
LF:115
LH:0
BRDA:21,0,0,0
BRDA:22,1,0,0
BRDA:23,2,0,0
BRDA:24,3,0,0
BRDA:40,4,0,0
BRDA:40,4,1,0
BRDA:40,5,0,0
BRDA:40,5,1,0
BRDA:40,5,2,0
BRDA:45,6,0,0
BRDA:45,6,1,0
BRDA:45,7,0,0
BRDA:45,7,1,0
BRDA:58,8,0,0
BRDA:59,9,0,0
BRDA:59,9,1,0
BRDA:74,10,0,0
BRDA:74,10,1,0
BRDA:83,11,0,0
BRDA:83,11,1,0
BRDA:88,12,0,0
BRDA:89,13,0,0
BRDA:89,13,1,0
BRDA:96,14,0,0
BRDA:96,14,1,0
BRDA:119,15,0,0
BRDA:119,15,1,0
BRDA:119,16,0,0
BRDA:119,16,1,0
BRDA:148,17,0,0
BRDA:148,17,1,0
BRDA:148,18,0,0
BRDA:148,18,1,0
BRDA:148,18,2,0
BRDA:169,19,0,0
BRDA:169,19,1,0
BRDA:172,20,0,0
BRDA:172,20,1,0
BRDA:180,21,0,0
BRDA:180,21,1,0
BRDA:182,22,0,0
BRDA:182,22,1,0
BRDA:192,23,0,0
BRDA:192,23,1,0
BRDA:192,23,2,0
BRDA:192,23,3,0
BRDA:192,23,4,0
BRDA:192,23,5,0
BRDA:219,24,0,0
BRDA:219,24,1,0
BRDA:220,25,0,0
BRDA:220,25,1,0
BRDA:229,26,0,0
BRDA:229,26,1,0
BRDA:229,27,0,0
BRDA:229,27,1,0
BRDA:256,28,0,0
BRDA:256,28,1,0
BRDA:257,29,0,0
BRDA:257,29,1,0
BRDA:264,30,0,0
BRDA:264,30,1,0
BRDA:278,31,0,0
BRDA:278,31,1,0
BRDA:307,32,0,0
BRDA:307,32,1,0
BRDA:307,33,0,0
BRDA:307,33,1,0
BRDA:315,34,0,0
BRDA:315,34,1,0
BRDA:318,35,0,0
BRDA:318,35,1,0
BRDA:349,36,0,0
BRDA:349,36,1,0
BRDA:394,37,0,0
BRDA:394,37,1,0
BRF:76
BRH:0
end_of_record
TN:
SF:src\NodeDashboard.js
FN:25,NodeDashboard
FN:58,(anonymous_1)
FN:126,(anonymous_2)
FN:200,(anonymous_3)
FNF:4
FNH:0
FNDA:0,NodeDashboard
FNDA:0,(anonymous_1)
FNDA:0,(anonymous_2)
FNDA:0,(anonymous_3)
DA:32,0
DA:33,0
DA:36,0
DA:54,0
DA:56,0
DA:57,0
DA:58,0
DA:59,0
DA:60,0
DA:91,0
DA:93,0
DA:95,0
DA:96,0
DA:98,0
DA:103,0
DA:111,0
DA:112,0
DA:126,0
DA:134,0
DA:139,0
DA:187,0
DA:200,0
LF:22
LH:0
BRDA:58,0,0,0
BRDA:58,0,1,0
BRDA:59,1,0,0
BRDA:59,1,1,0
BRDA:59,2,0,0
BRDA:59,2,1,0
BRDA:98,3,0,0
BRDA:98,3,1,0
BRDA:100,4,0,0
BRDA:100,4,1,0
BRDA:101,5,0,0
BRDA:101,5,1,0
BRDA:103,6,0,0
BRDA:103,6,1,0
BRDA:105,7,0,0
BRDA:105,7,1,0
BRDA:106,8,0,0
BRDA:106,8,1,0
BRDA:107,9,0,0
BRDA:107,9,1,0
BRDA:111,10,0,0
BRDA:111,10,1,0
BRDA:111,11,0,0
BRDA:111,11,1,0
BRDA:126,12,0,0
BRDA:126,12,1,0
BRDA:127,13,0,0
BRDA:127,13,1,0
BRDA:200,14,0,0
BRDA:200,14,1,0
BRDA:201,15,0,0
BRDA:201,15,1,0
BRDA:218,16,0,0
BRDA:218,16,1,0
BRDA:246,17,0,0
BRDA:246,17,1,0
BRF:36
BRH:0
end_of_record
TN:
SF:src\NodeInfo.js
FN:2,(anonymous_0)
FN:63,(anonymous_1)
FN:71,(anonymous_2)
FN:155,(anonymous_3)
FN:158,(anonymous_4)
FN:188,(anonymous_5)
FN:198,(anonymous_6)
FN:223,(anonymous_7)
FN:239,(anonymous_8)
FN:275,(anonymous_9)
FN:298,(anonymous_10)
FN:308,(anonymous_11)
FN:316,(anonymous_12)
FNF:13
FNH:0
FNDA:0,(anonymous_0)
FNDA:0,(anonymous_1)
FNDA:0,(anonymous_2)
FNDA:0,(anonymous_3)
FNDA:0,(anonymous_4)
FNDA:0,(anonymous_5)
FNDA:0,(anonymous_6)
FNDA:0,(anonymous_7)
FNDA:0,(anonymous_8)
FNDA:0,(anonymous_9)
FNDA:0,(anonymous_10)
FNDA:0,(anonymous_11)
FNDA:0,(anonymous_12)
DA:3,0
DA:6,0
DA:7,0
DA:10,0
DA:13,0
DA:49,0
DA:55,0
DA:56,0
DA:59,0
DA:60,0
DA:64,0
DA:65,0
DA:67,0
DA:72,0
DA:107,0
DA:108,0
DA:110,0
DA:113,0
DA:114,0
DA:115,0
DA:116,0
DA:117,0
DA:118,0
DA:119,0
DA:122,0
DA:123,0
DA:124,0
DA:125,0
DA:126,0
DA:129,0
DA:130,0
DA:131,0
DA:132,0
DA:133,0
DA:135,0
DA:136,0
DA:140,0
DA:141,0
DA:142,0
DA:143,0
DA:144,0
DA:146,0
DA:150,0
DA:151,0
DA:152,0
DA:156,0
DA:157,0
DA:158,0
DA:160,0
DA:161,0
DA:162,0
DA:164,0
DA:165,0
DA:166,0
DA:172,0
DA:173,0
DA:174,0
DA:177,0
DA:178,0
DA:179,0
DA:181,0
DA:183,0
DA:184,0
DA:191,0
DA:193,0
DA:196,0
DA:197,0
DA:198,0
DA:200,0
DA:201,0
DA:202,0
DA:204,0
DA:205,0
DA:206,0
DA:208,0
DA:209,0
DA:212,0
DA:213,0
DA:214,0
DA:216,0
DA:218,0
DA:224,0
DA:225,0
DA:227,0
DA:228,0
DA:232,0
DA:233,0
DA:234,0
DA:237,0
DA:238,0
DA:239,0
DA:240,0
DA:242,0
DA:243,0
DA:251,0
DA:252,0
DA:253,0
DA:254,0
DA:255,0
DA:259,0
DA:261,0
DA:262,0
DA:266,0
DA:269,0
DA:276,0
DA:277,0
DA:288,0
DA:289,0
DA:290,0
DA:294,0
DA:297,0
DA:298,0
DA:301,0
DA:303,0
DA:304,0
DA:309,0
DA:310,0
DA:311,0
DA:314,0
DA:315,0
DA:316,0
DA:318,0
DA:319,0
DA:320,0
DA:321,0
DA:323,0
DA:324,0
LF:127
LH:0
BRDA:64,0,0,0
BRDA:64,0,1,0
BRDA:107,1,0,0
BRDA:107,1,1,0
BRDA:131,2,0,0
BRDA:131,2,1,0
BRDA:131,3,0,0
BRDA:131,3,1,0
BRDA:143,4,0,0
BRDA:143,4,1,0
BRDA:143,5,0,0
BRDA:143,5,1,0
BRDA:143,5,2,0
BRDA:155,6,0,0
BRDA:164,7,0,0
BRDA:164,7,1,0
BRDA:178,8,0,0
BRDA:178,8,1,0
BRDA:188,9,0,0
BRDA:191,10,0,0
BRDA:191,10,1,0
BRDA:204,11,0,0
BRDA:204,11,1,0
BRDA:213,12,0,0
BRDA:213,12,1,0
BRDA:224,13,0,0
BRDA:224,13,1,0
BRDA:227,14,0,0
BRDA:227,14,1,0
BRDA:232,15,0,0
BRDA:232,15,1,0
BRDA:232,16,0,0
BRDA:232,16,1,0
BRDA:238,17,0,0
BRDA:238,17,1,0
BRDA:251,18,0,0
BRDA:251,18,1,0
BRDA:261,19,0,0
BRDA:261,19,1,0
BRDA:261,20,0,0
BRDA:261,20,1,0
BRDA:261,20,2,0
BRDA:288,21,0,0
BRDA:288,21,1,0
BRDA:290,22,0,0
BRDA:290,22,1,0
BRDA:297,23,0,0
BRDA:297,23,1,0
BRDA:308,24,0,0
BRDA:309,25,0,0
BRDA:309,25,1,0
BRF:51
BRH:0
end_of_record
TN:
SF:src\utils.js
FN:4,getBatteryPercentage
FN:29,buildStaticLQM
FN:37,(anonymous_2)
FN:51,(anonymous_3)
FN:54,(anonymous_4)
FN:55,(anonymous_5)
FNF:6
FNH:1
FNDA:13,getBatteryPercentage
FNDA:0,buildStaticLQM
FNDA:0,(anonymous_2)
FNDA:0,(anonymous_3)
FNDA:0,(anonymous_4)
FNDA:0,(anonymous_5)
DA:6,13
DA:9,13
DA:13,8
DA:14,8
DA:15,8
DA:16,8
DA:19,8
DA:22,8
DA:23,8
DA:24,8
DA:26,8
DA:37,0
DA:38,0
DA:39,0
DA:49,0
DA:51,0
DA:53,0
DA:54,0
DA:56,0
DA:61,0
DA:62,0
DA:63,0
DA:64,0
DA:65,0
DA:66,0
DA:68,0
DA:69,0
DA:74,0
LF:28
LH:11
BRDA:9,0,0,5
BRDA:9,0,1,8
BRDA:33,1,0,0
BRDA:34,2,0,0
BRDA:49,3,0,0
BRDA:49,3,1,0
BRDA:49,3,2,0
BRDA:51,4,0,0
BRDA:51,4,1,0
BRDA:53,5,0,0
BRDA:53,5,1,0
BRDA:68,6,0,0
BRDA:68,6,1,0
BRDA:68,7,0,0
BRDA:68,7,1,0
BRDA:69,8,0,0
BRDA:69,8,1,0
BRF:17
BRH:2
end_of_record
TN:
SF:src\appassets\NetworkScanner.js
FN:5,(anonymous_0)
FN:14,(anonymous_1)
FN:16,(anonymous_2)
FN:33,(anonymous_3)
FN:43,(anonymous_4)
FN:69,(anonymous_5)
FN:93,(anonymous_6)
FN:94,(anonymous_7)
FN:97,(anonymous_8)
FN:107,(anonymous_9)
FN:124,(anonymous_10)
FN:135,(anonymous_11)
FN:140,(anonymous_12)
FN:146,(anonymous_13)
FN:174,(anonymous_14)
FN:209,(anonymous_15)
FN:214,(anonymous_16)
FN:219,(anonymous_17)
FNF:18
FNH:0
FNDA:0,(anonymous_0)
FNDA:0,(anonymous_1)
FNDA:0,(anonymous_2)
FNDA:0,(anonymous_3)
FNDA:0,(anonymous_4)
FNDA:0,(anonymous_5)
FNDA:0,(anonymous_6)
FNDA:0,(anonymous_7)
FNDA:0,(anonymous_8)
FNDA:0,(anonymous_9)
FNDA:0,(anonymous_10)
FNDA:0,(anonymous_11)
FNDA:0,(anonymous_12)
FNDA:0,(anonymous_13)
FNDA:0,(anonymous_14)
FNDA:0,(anonymous_15)
FNDA:0,(anonymous_16)
FNDA:0,(anonymous_17)
DA:6,0
DA:7,0
DA:8,0
DA:9,0
DA:10,0
DA:15,0
DA:16,0
DA:18,0
DA:19,0
DA:24,0
DA:25,0
DA:27,0
DA:28,0
DA:34,0
DA:35,0
DA:36,0
DA:37,0
DA:39,0
DA:44,0
DA:45,0
DA:46,0
DA:47,0
DA:48,0
DA:49,0
DA:65,0
DA:70,0
DA:71,0
DA:72,0
DA:74,0
DA:89,0
DA:94,0
DA:95,0
DA:97,0
DA:98,0
DA:99,0
DA:101,0
DA:108,0
DA:109,0
DA:112,0
DA:113,0
DA:117,0
DA:118,0
DA:121,0
DA:122,0
DA:124,0
DA:130,0
DA:131,0
DA:136,0
DA:138,0
DA:139,0
DA:140,0
DA:142,0
DA:144,0
DA:146,0
DA:147,0
DA:148,0
DA:149,0
DA:151,0
DA:152,0
DA:153,0
DA:154,0
DA:161,0
DA:162,0
DA:175,0
DA:177,0
DA:180,0
DA:181,0
DA:183,0
DA:184,0
DA:186,0
DA:188,0
DA:190,0
DA:191,0
DA:198,0
DA:201,0
DA:202,0
DA:204,0
DA:210,0
DA:215,0
DA:220,0
LF:80
LH:0
BRDA:14,0,0,0
BRDA:33,1,0,0
BRDA:34,2,0,0
BRDA:34,2,1,0
BRDA:36,3,0,0
BRDA:36,3,1,0
BRDA:46,4,0,0
BRDA:46,4,1,0
BRDA:48,5,0,0
BRDA:48,5,1,0
BRDA:72,6,0,0
BRDA:72,6,1,0
BRDA:93,7,0,0
BRDA:98,8,0,0
BRDA:98,8,1,0
BRDA:107,9,0,0
BRDA:107,10,0,0
BRDA:148,11,0,0
BRDA:148,11,1,0
BRDA:148,12,0,0
BRDA:148,12,1,0
BRDA:151,13,0,0
BRDA:151,13,1,0
BRDA:153,14,0,0
BRDA:153,14,1,0
BRDA:161,15,0,0
BRDA:161,15,1,0
BRDA:174,16,0,0
BRDA:174,17,0,0
BRDA:174,18,0,0
BRDA:175,19,0,0
BRDA:175,19,1,0
BRDA:190,20,0,0
BRDA:190,20,1,0
BRF:34
BRH:0
end_of_record
TN:
SF:src\appassets\SideBar.js
FN:44,Sidebar
FN:90,(anonymous_1)
FN:91,(anonymous_2)
FN:97,(anonymous_3)
FN:107,(anonymous_4)
FN:108,(anonymous_5)
FN:113,(anonymous_6)
FN:122,(anonymous_7)
FN:129,(anonymous_8)
FN:130,(anonymous_9)
FN:131,(anonymous_10)
FN:146,(anonymous_11)
FN:152,(anonymous_12)
FN:153,(anonymous_13)
FN:154,(anonymous_14)
FN:159,(anonymous_15)
FN:168,(anonymous_16)
FN:169,(anonymous_17)
FN:179,(anonymous_18)
FN:180,(anonymous_19)
FN:182,(anonymous_20)
FN:185,(anonymous_21)
FN:186,(anonymous_22)
FN:208,(anonymous_23)
FN:252,(anonymous_24)
FN:253,(anonymous_25)
FN:335,(anonymous_26)
FN:335,(anonymous_27)
FN:342,(anonymous_28)
FN:353,(anonymous_29)
FN:353,(anonymous_30)
FN:354,(anonymous_31)
FN:399,(anonymous_32)
FN:433,(anonymous_33)
FN:465,(anonymous_34)
FN:501,(anonymous_35)
FN:555,(anonymous_36)
FN:585,(anonymous_37)
FN:588,(anonymous_38)
FN:597,(anonymous_39)
FN:604,(anonymous_40)
FN:611,(anonymous_41)
FN:616,(anonymous_42)
FN:625,(anonymous_43)
FN:640,(anonymous_44)
FN:677,(anonymous_45)
FN:722,(anonymous_46)
FN:727,(anonymous_47)
FNF:48
FNH:3
FNDA:23,Sidebar
FNDA:0,(anonymous_1)
FNDA:0,(anonymous_2)
FNDA:0,(anonymous_3)
FNDA:0,(anonymous_4)
FNDA:0,(anonymous_5)
FNDA:0,(anonymous_6)
FNDA:0,(anonymous_7)
FNDA:0,(anonymous_8)
FNDA:0,(anonymous_9)
FNDA:0,(anonymous_10)
FNDA:0,(anonymous_11)
FNDA:0,(anonymous_12)
FNDA:0,(anonymous_13)
FNDA:0,(anonymous_14)
FNDA:0,(anonymous_15)
FNDA:0,(anonymous_16)
FNDA:0,(anonymous_17)
FNDA:0,(anonymous_18)
FNDA:0,(anonymous_19)
FNDA:0,(anonymous_20)
FNDA:0,(anonymous_21)
FNDA:0,(anonymous_22)
FNDA:0,(anonymous_23)
FNDA:0,(anonymous_24)
FNDA:0,(anonymous_25)
FNDA:0,(anonymous_26)
FNDA:0,(anonymous_27)
FNDA:0,(anonymous_28)
FNDA:0,(anonymous_29)
FNDA:0,(anonymous_30)
FNDA:0,(anonymous_31)
FNDA:0,(anonymous_32)
FNDA:0,(anonymous_33)
FNDA:7,(anonymous_34)
FNDA:0,(anonymous_35)
FNDA:0,(anonymous_36)
FNDA:0,(anonymous_37)
FNDA:0,(anonymous_38)
FNDA:0,(anonymous_39)
FNDA:0,(anonymous_40)
FNDA:0,(anonymous_41)
FNDA:0,(anonymous_42)
FNDA:0,(anonymous_43)
FNDA:7,(anonymous_44)
FNDA:0,(anonymous_45)
FNDA:0,(anonymous_46)
FNDA:0,(anonymous_47)
DA:42,3
DA:55,23
DA:56,23
DA:57,23
DA:58,23
DA:59,23
DA:60,23
DA:61,23
DA:62,23
DA:63,23
DA:64,23
DA:65,23
DA:68,23
DA:90,23
DA:91,0
DA:93,0
DA:94,0
DA:95,0
DA:96,0
DA:97,0
DA:98,0
DA:101,0
DA:102,0
DA:107,23
DA:108,0
DA:109,0
DA:110,0
DA:111,0
DA:112,0
DA:113,0
DA:115,0
DA:116,0
DA:122,23
DA:123,0
DA:124,0
DA:125,0
DA:129,23
DA:130,0
DA:131,0
DA:132,0
DA:133,0
DA:134,0
DA:136,0
DA:138,0
DA:141,0
DA:142,0
DA:143,0
DA:145,0
DA:146,0
DA:147,0
DA:152,23
DA:153,0
DA:154,0
DA:157,0
DA:159,0
DA:160,0
DA:164,0
DA:168,23
DA:169,0
DA:170,0
DA:171,0
DA:172,0
DA:173,0
DA:174,0
DA:175,0
DA:179,23
DA:180,0
DA:181,0
DA:182,0
DA:183,0
DA:185,0
DA:186,0
DA:187,0
DA:188,0
DA:189,0
DA:190,0
DA:191,0
DA:194,0
DA:195,0
DA:196,0
DA:198,0
DA:201,0
DA:203,0
DA:206,0
DA:208,0
DA:209,0
DA:214,23
DA:252,0
DA:254,0
DA:255,0
DA:256,0
DA:335,0
DA:342,0
DA:353,0
DA:356,0
DA:357,0
DA:359,0
DA:399,0
DA:433,0
DA:466,7
DA:468,7
DA:470,0
DA:471,0
DA:473,0
DA:474,0
DA:476,0
DA:477,0
DA:479,0
DA:480,0
DA:482,0
DA:483,0
DA:485,7
DA:488,7
DA:501,0
DA:555,0
DA:585,0
DA:588,0
DA:597,0
DA:604,0
DA:611,0
DA:616,0
DA:626,0
DA:627,0
DA:641,7
DA:643,7
DA:645,0
DA:646,0
DA:648,0
DA:649,0
DA:651,0
DA:652,0
DA:654,0
DA:655,0
DA:657,0
DA:658,0
DA:660,7
DA:663,7
DA:677,0
DA:723,0
DA:724,0
DA:727,0
LF:141
LH:29
BRDA:74,0,0,0
BRDA:74,0,1,23
BRDA:78,1,0,0
BRDA:78,1,1,23
BRDA:81,2,0,0
BRDA:81,2,1,23
BRDA:86,3,0,0
BRDA:86,3,1,23
BRDA:91,4,0,0
BRDA:91,4,1,0
BRDA:91,5,0,0
BRDA:91,5,1,0
BRDA:101,6,0,0
BRDA:101,6,1,0
BRDA:108,7,0,0
BRDA:108,7,1,0
BRDA:115,8,0,0
BRDA:115,8,1,0
BRDA:132,9,0,0
BRDA:132,9,1,0
BRDA:145,10,0,0
BRDA:145,10,1,0
BRDA:157,11,0,0
BRDA:157,11,1,0
BRDA:170,12,0,0
BRDA:170,12,1,0
BRDA:173,13,0,0
BRDA:173,13,1,0
BRDA:174,14,0,0
BRDA:174,14,1,0
BRDA:187,15,0,0
BRDA:187,15,1,0
BRDA:191,16,0,0
BRDA:191,16,1,0
BRDA:194,17,0,0
BRDA:194,17,1,0
BRDA:194,18,0,0
BRDA:194,18,1,0
BRDA:196,19,0,0
BRDA:196,19,1,0
BRDA:198,20,0,0
BRDA:198,20,1,0
BRDA:206,21,0,0
BRDA:206,21,1,0
BRDA:206,22,0,0
BRDA:206,22,1,0
BRDA:206,22,2,0
BRDA:242,23,0,0
BRDA:242,23,1,23
BRDA:254,24,0,0
BRDA:254,24,1,0
BRDA:350,25,0,0
BRDA:350,25,1,23
BRDA:357,26,0,0
BRDA:357,26,1,0
BRDA:361,27,0,0
BRDA:361,27,1,0
BRDA:382,28,0,0
BRDA:382,28,1,0
BRDA:415,29,0,0
BRDA:415,29,1,0
BRDA:420,30,0,0
BRDA:420,30,1,0
BRDA:433,31,0,0
BRDA:433,31,1,0
BRDA:441,32,0,0
BRDA:441,32,1,23
BRDA:463,33,0,6
BRDA:463,33,1,17
BRDA:466,34,0,7
BRDA:466,34,1,0
BRDA:468,35,0,0
BRDA:468,35,1,0
BRDA:468,35,2,0
BRDA:468,35,3,0
BRDA:468,35,4,0
BRDA:468,35,5,7
BRDA:520,36,0,7
BRDA:520,36,1,0
BRDA:528,37,0,7
BRDA:528,37,1,7
BRDA:544,38,0,7
BRDA:544,38,1,0
BRDA:641,39,0,7
BRDA:641,39,1,0
BRDA:643,40,0,0
BRDA:643,40,1,0
BRDA:643,40,2,0
BRDA:643,40,3,0
BRDA:643,40,4,0
BRDA:643,40,5,7
BRDA:673,41,0,0
BRDA:673,41,1,7
BRDA:681,42,0,7
BRDA:681,42,1,0
BRDA:689,43,0,7
BRDA:689,43,1,7
BRDA:705,44,0,7
BRDA:705,44,1,0
BRF:99
BRH:22
end_of_record
TN:
SF:src\homepageassets\EmptyHomePage.js
FN:14,EmptyHomePage
FN:19,(anonymous_1)
FN:26,(anonymous_2)
FN:72,(anonymous_3)
FN:73,(anonymous_4)
FNF:5
FNH:0
FNDA:0,EmptyHomePage
FNDA:0,(anonymous_1)
FNDA:0,(anonymous_2)
FNDA:0,(anonymous_3)
FNDA:0,(anonymous_4)
DA:15,0
DA:16,0
DA:17,0
DA:19,0
DA:20,0
DA:22,0
DA:23,0
DA:24,0
DA:25,0
DA:26,0
DA:27,0
DA:30,0
DA:31,0
DA:35,0
DA:72,0
DA:74,0
DA:75,0
DA:76,0
LF:18
LH:0
BRDA:20,0,0,0
BRDA:20,0,1,0
BRDA:30,1,0,0
BRDA:30,1,1,0
BRDA:74,2,0,0
BRDA:74,2,1,0
BRF:6
BRH:0
end_of_record
TN:
SF:src\homepageassets\NodeHomePage.js
FN:25,NodeIdBox
FN:41,(anonymous_1)
FN:51,NodeHomePage
FN:61,(anonymous_3)
FN:62,(anonymous_4)
FN:72,(anonymous_5)
FN:73,(anonymous_6)
FN:75,(anonymous_7)
FN:78,(anonymous_8)
FN:79,(anonymous_9)
FN:102,(anonymous_10)
FN:122,(anonymous_11)
FN:160,(anonymous_12)
FN:176,(anonymous_13)
FN:223,(anonymous_14)
FN:231,(anonymous_15)
FN:270,(anonymous_16)
FN:273,(anonymous_17)
FN:282,(anonymous_18)
FN:289,(anonymous_19)
FN:296,(anonymous_20)
FN:301,(anonymous_21)
FNF:22
FNH:0
FNDA:0,NodeIdBox
FNDA:0,(anonymous_1)
FNDA:0,NodeHomePage
FNDA:0,(anonymous_3)
FNDA:0,(anonymous_4)
FNDA:0,(anonymous_5)
FNDA:0,(anonymous_6)
FNDA:0,(anonymous_7)
FNDA:0,(anonymous_8)
FNDA:0,(anonymous_9)
FNDA:0,(anonymous_10)
FNDA:0,(anonymous_11)
FNDA:0,(anonymous_12)
FNDA:0,(anonymous_13)
FNDA:0,(anonymous_14)
FNDA:0,(anonymous_15)
FNDA:0,(anonymous_16)
FNDA:0,(anonymous_17)
FNDA:0,(anonymous_18)
FNDA:0,(anonymous_19)
FNDA:0,(anonymous_20)
FNDA:0,(anonymous_21)
DA:26,0
DA:28,0
DA:41,0
DA:52,0
DA:53,0
DA:54,0
DA:55,0
DA:56,0
DA:57,0
DA:58,0
DA:59,0
DA:61,0
DA:62,0
DA:63,0
DA:64,0
DA:65,0
DA:66,0
DA:67,0
DA:68,0
DA:72,0
DA:73,0
DA:74,0
DA:75,0
DA:76,0
DA:78,0
DA:79,0
DA:80,0
DA:81,0
DA:82,0
DA:83,0
DA:85,0
DA:88,0
DA:89,0
DA:90,0
DA:92,0
DA:95,0
DA:97,0
DA:100,0
DA:102,0
DA:103,0
DA:108,0
DA:113,0
DA:124,0
DA:126,0
DA:130,0
DA:138,0
DA:143,0
DA:145,0
DA:146,0
DA:148,0
DA:149,0
DA:151,0
DA:152,0
DA:154,0
DA:157,0
DA:160,0
DA:177,0
DA:178,0
DA:224,0
DA:226,0
DA:227,0
DA:232,0
DA:234,0
DA:261,0
DA:270,0
DA:273,0
DA:282,0
DA:289,0
DA:296,0
DA:301,0
LF:70
LH:0
BRDA:26,0,0,0
BRDA:26,0,1,0
BRDA:26,1,0,0
BRDA:26,1,1,0
BRDA:39,2,0,0
BRDA:39,2,1,0
BRDA:39,2,2,0
BRDA:63,3,0,0
BRDA:63,3,1,0
BRDA:66,4,0,0
BRDA:66,4,1,0
BRDA:67,5,0,0
BRDA:67,5,1,0
BRDA:80,6,0,0
BRDA:80,6,1,0
BRDA:85,7,0,0
BRDA:85,7,1,0
BRDA:88,8,0,0
BRDA:88,8,1,0
BRDA:88,9,0,0
BRDA:88,9,1,0
BRDA:90,10,0,0
BRDA:90,10,1,0
BRDA:92,11,0,0
BRDA:92,11,1,0
BRDA:100,12,0,0
BRDA:100,12,1,0
BRDA:100,13,0,0
BRDA:100,13,1,0
BRDA:100,13,2,0
BRDA:122,14,0,0
BRDA:122,14,1,0
BRDA:126,15,0,0
BRDA:126,15,1,0
BRDA:138,16,0,0
BRDA:138,16,1,0
BRDA:140,17,0,0
BRDA:140,17,1,0
BRDA:143,18,0,0
BRDA:143,18,1,0
BRDA:143,18,2,0
BRDA:143,18,3,0
BRDA:197,19,0,0
BRDA:197,19,1,0
BRDA:203,20,0,0
BRDA:203,20,1,0
BRDA:205,21,0,0
BRDA:205,21,1,0
BRDA:207,22,0,0
BRDA:207,22,1,0
BRDA:221,23,0,0
BRDA:221,23,1,0
BRDA:221,24,0,0
BRDA:221,24,1,0
BRDA:226,25,0,0
BRDA:226,25,1,0
BRDA:226,26,0,0
BRDA:226,26,1,0
BRDA:226,26,2,0
BRDA:234,27,0,0
BRDA:234,27,1,0
BRDA:242,28,0,0
BRDA:242,28,1,0
BRDA:245,29,0,0
BRDA:245,29,1,0
BRDA:247,30,0,0
BRDA:247,30,1,0
BRDA:253,31,0,0
BRDA:253,31,1,0
BRDA:255,32,0,0
BRDA:255,32,1,0
BRF:71
BRH:0
end_of_record
TN:
SF:src\mapassets\MapSideBar.js
FN:28,MapSideBar
FN:39,(anonymous_1)
FN:72,(anonymous_2)
FN:76,(anonymous_3)
FN:84,(anonymous_4)
FN:146,(anonymous_5)
FN:213,(anonymous_6)
FN:235,(anonymous_7)
FN:244,(anonymous_8)
FN:276,(anonymous_9)
FN:280,(anonymous_10)
FNF:11
FNH:0
FNDA:0,MapSideBar
FNDA:0,(anonymous_1)
FNDA:0,(anonymous_2)
FNDA:0,(anonymous_3)
FNDA:0,(anonymous_4)
FNDA:0,(anonymous_5)
FNDA:0,(anonymous_6)
FNDA:0,(anonymous_7)
FNDA:0,(anonymous_8)
FNDA:0,(anonymous_9)
FNDA:0,(anonymous_10)
DA:36,0
DA:37,0
DA:38,0
DA:39,0
DA:40,0
DA:43,0
DA:44,0
DA:46,0
DA:48,0
DA:50,0
DA:52,0
DA:54,0
DA:56,0
DA:61,0
DA:63,0
DA:64,0
DA:68,0
DA:72,0
DA:73,0
DA:76,0
DA:77,0
DA:78,0
DA:79,0
DA:80,0
DA:81,0
DA:84,0
DA:85,0
DA:88,0
DA:89,0
DA:91,0
DA:94,0
DA:110,0
DA:112,0
DA:113,0
DA:116,0
DA:118,0
DA:119,0
DA:124,0
DA:125,0
DA:127,0
DA:128,0
DA:133,0
DA:136,0
DA:137,0
DA:142,0
DA:146,0
DA:147,0
DA:150,0
DA:152,0
DA:153,0
DA:156,0
DA:214,0
DA:215,0
DA:216,0
DA:236,0
DA:244,0
DA:277,0
DA:280,0
LF:58
LH:0
BRDA:29,0,0,0
BRDA:31,1,0,0
BRDA:32,2,0,0
BRDA:40,3,0,0
BRDA:40,3,1,0
BRDA:43,4,0,0
BRDA:43,4,1,0
BRDA:44,5,0,0
BRDA:44,5,1,0
BRDA:44,5,2,0
BRDA:44,5,3,0
BRDA:44,5,4,0
BRDA:44,5,5,0
BRDA:61,6,0,0
BRDA:61,6,1,0
BRDA:63,7,0,0
BRDA:63,7,1,0
BRDA:73,8,0,0
BRDA:73,8,1,0
BRDA:73,8,2,0
BRDA:77,9,0,0
BRDA:77,9,1,0
BRDA:79,10,0,0
BRDA:79,10,1,0
BRDA:80,11,0,0
BRDA:80,11,1,0
BRDA:80,12,0,0
BRDA:80,12,1,0
BRDA:80,13,0,0
BRDA:80,13,1,0
BRDA:85,14,0,0
BRDA:85,14,1,0
BRDA:85,15,0,0
BRDA:85,15,1,0
BRDA:88,16,0,0
BRDA:88,16,1,0
BRDA:89,17,0,0
BRDA:89,17,1,0
BRDA:94,18,0,0
BRDA:94,18,1,0
BRDA:110,19,0,0
BRDA:110,19,1,0
BRDA:113,20,0,0
BRDA:113,20,1,0
BRDA:116,21,0,0
BRDA:116,21,1,0
BRDA:125,22,0,0
BRDA:125,22,1,0
BRDA:137,23,0,0
BRDA:137,23,1,0
BRDA:147,24,0,0
BRDA:147,24,1,0
BRDA:147,24,2,0
BRDA:150,25,0,0
BRDA:150,25,1,0
BRDA:152,26,0,0
BRDA:152,26,1,0
BRDA:185,27,0,0
BRDA:185,27,1,0
BRDA:216,28,0,0
BRDA:216,28,1,0
BRDA:226,29,0,0
BRDA:226,29,1,0
BRDA:232,30,0,0
BRDA:232,30,1,0
BRDA:237,31,0,0
BRDA:237,31,1,0
BRDA:244,32,0,0
BRDA:244,32,1,0
BRDA:258,33,0,0
BRDA:258,33,1,0
BRDA:277,34,0,0
BRDA:277,34,1,0
BRDA:280,35,0,0
BRDA:280,35,1,0
BRDA:314,36,0,0
BRDA:314,36,1,0
BRDA:314,36,2,0
BRDA:345,37,0,0
BRDA:345,37,1,0
BRDA:361,38,0,0
BRDA:361,38,1,0
BRDA:377,39,0,0
BRDA:377,39,1,0
BRF:84
BRH:0
end_of_record
TN:
SF:src\nodedashboardassets\CellIdentityCard.js
FN:24,CellIdentityCard
FN:46,(anonymous_1)
FN:47,(anonymous_2)
FN:49,(anonymous_3)
FN:54,(anonymous_4)
FN:57,(anonymous_5)
FN:190,(anonymous_6)
FN:208,(anonymous_7)
FN:225,(anonymous_8)
FN:250,(anonymous_9)
FN:251,(anonymous_10)
FNF:11
FNH:0
FNDA:0,CellIdentityCard
FNDA:0,(anonymous_1)
FNDA:0,(anonymous_2)
FNDA:0,(anonymous_3)
FNDA:0,(anonymous_4)
FNDA:0,(anonymous_5)
FNDA:0,(anonymous_6)
FNDA:0,(anonymous_7)
FNDA:0,(anonymous_8)
FNDA:0,(anonymous_9)
FNDA:0,(anonymous_10)
DA:25,0
DA:26,0
DA:28,0
DA:42,0
DA:43,0
DA:44,0
DA:46,0
DA:47,0
DA:49,0
DA:50,0
DA:51,0
DA:54,0
DA:55,0
DA:56,0
DA:57,0
DA:58,0
DA:59,0
DA:60,0
DA:63,0
DA:65,0
DA:66,0
DA:67,0
DA:69,0
DA:73,0
DA:74,0
DA:190,0
DA:208,0
DA:225,0
DA:250,0
DA:252,0
DA:253,0
LF:31
LH:0
BRDA:58,0,0,0
BRDA:58,0,1,0
BRDA:65,1,0,0
BRDA:65,1,1,0
BRDA:69,2,0,0
BRDA:69,2,1,0
BRDA:73,3,0,0
BRDA:73,3,1,0
BRDA:118,4,0,0
BRDA:118,4,1,0
BRDA:132,5,0,0
BRDA:132,5,1,0
BRDA:146,6,0,0
BRDA:146,6,1,0
BRDA:185,7,0,0
BRDA:185,7,1,0
BRDA:188,8,0,0
BRDA:188,8,1,0
BRDA:188,8,2,0
BRDA:203,9,0,0
BRDA:203,9,1,0
BRDA:206,10,0,0
BRDA:206,10,1,0
BRDA:206,10,2,0
BRDA:221,11,0,0
BRDA:221,11,1,0
BRDA:223,12,0,0
BRDA:223,12,1,0
BRDA:223,12,2,0
BRDA:252,13,0,0
BRDA:252,13,1,0
BRF:31
BRH:0
end_of_record
TN:
SF:src\nodedashboardassets\CoreConnectionCard.js
FN:7,CoreConnectionCard
FN:12,(anonymous_1)
FNF:2
FNH:0
FNDA:0,CoreConnectionCard
FNDA:0,(anonymous_1)
DA:8,0
DA:9,0
DA:10,0
DA:12,0
DA:13,0
DA:15,0
DA:21,0
DA:27,0
DA:33,0
DA:41,0
DA:43,0
LF:11
LH:0
BRDA:13,0,0,0
BRDA:13,0,1,0
BRDA:13,0,2,0
BRDA:13,0,3,0
BRDA:77,1,0,0
BRDA:77,1,1,0
BRDA:77,2,0,0
BRDA:77,2,1,0
BRF:8
BRH:0
end_of_record
TN:
SF:src\nodedashboardassets\CpuUsageChartCard.js
FN:8,CpuUsageChartCard
FN:17,(anonymous_1)
FN:18,(anonymous_2)
FN:23,(anonymous_3)
FN:24,(anonymous_4)
FN:89,(anonymous_5)
FN:93,(anonymous_6)
FN:94,(anonymous_7)
FNF:8
FNH:0
FNDA:0,CpuUsageChartCard
FNDA:0,(anonymous_1)
FNDA:0,(anonymous_2)
FNDA:0,(anonymous_3)
FNDA:0,(anonymous_4)
FNDA:0,(anonymous_5)
FNDA:0,(anonymous_6)
FNDA:0,(anonymous_7)
DA:9,0
DA:10,0
DA:11,0
DA:12,0
DA:16,0
DA:17,0
DA:18,0
DA:19,0
DA:20,0
DA:21,0
DA:22,0
DA:23,0
DA:24,0
DA:25,0
DA:26,0
DA:29,0
DA:89,0
DA:93,0
DA:94,0
LF:19
LH:0
BRDA:11,0,0,0
BRDA:11,0,1,0
BRDA:11,1,0,0
BRDA:11,1,1,0
BRF:4
BRH:0
end_of_record
TN:
SF:src\nodedashboardassets\DateCard.js
FN:7,DateCard
FNF:1
FNH:0
FNDA:0,DateCard
DA:8,0
DA:9,0
DA:10,0
DA:12,0
LF:4
LH:0
BRDA:45,0,0,0
BRDA:45,0,1,0
BRDA:45,1,0,0
BRDA:45,1,1,0
BRF:4
BRH:0
end_of_record
TN:
SF:src\nodedashboardassets\DiskOverviewCard.js
FN:7,DiskOverviewCard
FNF:1
FNH:0
FNDA:0,DiskOverviewCard
DA:8,0
DA:9,0
DA:10,0
DA:11,0
DA:14,0
LF:5
LH:0
BRDA:10,0,0,0
BRDA:10,0,1,0
BRF:2
BRH:0
end_of_record
TN:
SF:src\nodedashboardassets\FrequencyOverviewCard.js
FN:26,(anonymous_0)
FN:32,FrequencyOverviewCard
FN:59,(anonymous_2)
FN:60,(anonymous_3)
FN:62,(anonymous_4)
FN:67,(anonymous_5)
FN:70,(anonymous_6)
FN:189,(anonymous_7)
FN:211,(anonymous_8)
FN:234,(anonymous_9)
FN:262,(anonymous_10)
FN:263,(anonymous_11)
FNF:12
FNH:0
FNDA:0,(anonymous_0)
FNDA:0,FrequencyOverviewCard
FNDA:0,(anonymous_2)
FNDA:0,(anonymous_3)
FNDA:0,(anonymous_4)
FNDA:0,(anonymous_5)
FNDA:0,(anonymous_6)
FNDA:0,(anonymous_7)
FNDA:0,(anonymous_8)
FNDA:0,(anonymous_9)
FNDA:0,(anonymous_10)
FNDA:0,(anonymous_11)
DA:26,0
DA:27,0
DA:28,0
DA:29,0
DA:33,0
DA:34,0
DA:36,0
DA:50,0
DA:51,0
DA:57,0
DA:59,0
DA:60,0
DA:62,0
DA:63,0
DA:64,0
DA:67,0
DA:68,0
DA:69,0
DA:70,0
DA:71,0
DA:72,0
DA:73,0
DA:76,0
DA:78,0
DA:79,0
DA:80,0
DA:82,0
DA:86,0
DA:88,0
DA:190,0
DA:191,0
DA:212,0
DA:213,0
DA:235,0
DA:236,0
DA:262,0
DA:264,0
DA:265,0
LF:38
LH:0
BRDA:28,0,0,0
BRDA:28,0,1,0
BRDA:71,1,0,0
BRDA:71,1,1,0
BRDA:78,2,0,0
BRDA:78,2,1,0
BRDA:82,3,0,0
BRDA:82,3,1,0
BRDA:86,4,0,0
BRDA:86,4,1,0
BRDA:143,5,0,0
BRDA:143,5,1,0
BRDA:188,6,0,0
BRDA:188,6,1,0
BRDA:188,6,2,0
BRDA:210,7,0,0
BRDA:210,7,1,0
BRDA:210,7,2,0
BRDA:229,8,0,0
BRDA:229,8,1,0
BRDA:232,9,0,0
BRDA:232,9,1,0
BRDA:232,9,2,0
BRDA:264,10,0,0
BRDA:264,10,1,0
BRF:25
BRH:0
end_of_record
TN:
SF:src\nodedashboardassets\IpAddressesCard.js
FN:24,IpAddressesCard
FN:46,(anonymous_1)
FN:47,(anonymous_2)
FN:49,(anonymous_3)
FN:53,(anonymous_4)
FN:56,(anonymous_5)
FN:223,(anonymous_6)
FN:240,(anonymous_7)
FN:257,(anonymous_8)
FN:280,(anonymous_9)
FN:281,(anonymous_10)
FNF:11
FNH:0
FNDA:0,IpAddressesCard
FNDA:0,(anonymous_1)
FNDA:0,(anonymous_2)
FNDA:0,(anonymous_3)
FNDA:0,(anonymous_4)
FNDA:0,(anonymous_5)
FNDA:0,(anonymous_6)
FNDA:0,(anonymous_7)
FNDA:0,(anonymous_8)
FNDA:0,(anonymous_9)
FNDA:0,(anonymous_10)
DA:25,0
DA:26,0
DA:28,0
DA:42,0
DA:43,0
DA:44,0
DA:46,0
DA:47,0
DA:49,0
DA:50,0
DA:51,0
DA:53,0
DA:54,0
DA:55,0
DA:56,0
DA:57,0
DA:58,0
DA:59,0
DA:62,0
DA:64,0
DA:66,0
DA:67,0
DA:69,0
DA:70,0
DA:71,0
DA:73,0
DA:74,0
DA:75,0
DA:76,0
DA:80,0
DA:82,0
DA:83,0
DA:84,0
DA:86,0
DA:90,0
DA:91,0
DA:95,0
DA:97,0
DA:223,0
DA:240,0
DA:257,0
DA:280,0
DA:282,0
DA:283,0
LF:44
LH:0
BRDA:57,0,0,0
BRDA:57,0,1,0
BRDA:64,1,0,0
BRDA:64,1,1,0
BRDA:69,2,0,0
BRDA:69,2,1,0
BRDA:69,3,0,0
BRDA:69,3,1,0
BRDA:74,4,0,0
BRDA:74,4,1,0
BRDA:74,5,0,0
BRDA:74,5,1,0
BRDA:75,6,0,0
BRDA:75,6,1,0
BRDA:75,7,0,0
BRDA:75,7,1,0
BRDA:82,8,0,0
BRDA:82,8,1,0
BRDA:86,9,0,0
BRDA:86,9,1,0
BRDA:95,10,0,0
BRDA:95,10,1,0
BRDA:181,11,0,0
BRDA:181,11,1,0
BRDA:222,12,0,0
BRDA:222,12,1,0
BRDA:222,12,2,0
BRDA:239,13,0,0
BRDA:239,13,1,0
BRDA:239,13,2,0
BRDA:256,14,0,0
BRDA:256,14,1,0
BRDA:256,14,2,0
BRDA:282,15,0,0
BRDA:282,15,1,0
BRF:35
BRH:0
end_of_record
TN:
SF:src\nodedashboardassets\LogCard.js
FN:8,LogCard
FN:15,(anonymous_1)
FN:21,(anonymous_2)
FN:24,(anonymous_3)
FN:33,(anonymous_4)
FN:36,(anonymous_5)
FN:71,(anonymous_6)
FN:76,(anonymous_7)
FN:81,(anonymous_8)
FN:89,(anonymous_9)
FN:106,(anonymous_10)
FNF:11
FNH:0
FNDA:0,LogCard
FNDA:0,(anonymous_1)
FNDA:0,(anonymous_2)
FNDA:0,(anonymous_3)
FNDA:0,(anonymous_4)
FNDA:0,(anonymous_5)
FNDA:0,(anonymous_6)
FNDA:0,(anonymous_7)
FNDA:0,(anonymous_8)
FNDA:0,(anonymous_9)
FNDA:0,(anonymous_10)
DA:9,0
DA:10,0
DA:11,0
DA:12,0
DA:13,0
DA:15,0
DA:16,0
DA:17,0
DA:21,0
DA:22,0
DA:23,0
DA:25,0
DA:26,0
DA:27,0
DA:29,0
DA:31,0
DA:34,0
DA:37,0
DA:38,0
DA:41,0
DA:71,0
DA:76,0
DA:81,0
DA:89,0
DA:107,0
LF:25
LH:0
BRDA:16,0,0,0
BRDA:16,0,1,0
BRDA:25,1,0,0
BRDA:25,1,1,0
BRDA:26,2,0,0
BRDA:26,2,1,0
BRDA:70,3,0,0
BRDA:70,3,1,0
BRDA:75,4,0,0
BRDA:75,4,1,0
BRDA:80,5,0,0
BRDA:80,5,1,0
BRDA:99,6,0,0
BRDA:99,6,1,0
BRDA:105,7,0,0
BRDA:105,7,1,0
BRF:16
BRH:0
end_of_record
TN:
SF:src\nodedashboardassets\ManetConnectionCard.js
FN:6,ManetConnectionCard
FNF:1
FNH:0
FNDA:0,ManetConnectionCard
DA:7,0
DA:8,0
DA:9,0
DA:11,0
DA:14,0
DA:18,0
DA:22,0
LF:7
LH:0
BRDA:11,0,0,0
BRDA:11,0,1,0
BRDA:14,1,0,0
BRDA:14,1,1,0
BRDA:15,2,0,0
BRDA:15,2,1,0
BRDA:16,3,0,0
BRDA:16,3,1,0
BRDA:18,4,0,0
BRDA:18,4,1,0
BRDA:19,5,0,0
BRDA:19,5,1,0
BRDA:20,6,0,0
BRDA:20,6,1,0
BRDA:53,7,0,0
BRDA:53,7,1,0
BRDA:54,8,0,0
BRDA:54,8,1,0
BRDA:55,9,0,0
BRDA:55,9,1,0
BRF:20
BRH:0
end_of_record
TN:
SF:src\nodedashboardassets\NetworkSliceCard.js
FN:24,NetworkSliceCard
FN:46,(anonymous_1)
FN:47,(anonymous_2)
FN:49,(anonymous_3)
FN:54,(anonymous_4)
FN:57,(anonymous_5)
FN:189,(anonymous_6)
FN:206,(anonymous_7)
FN:223,(anonymous_8)
FN:248,(anonymous_9)
FN:249,(anonymous_10)
FNF:11
FNH:0
FNDA:0,NetworkSliceCard
FNDA:0,(anonymous_1)
FNDA:0,(anonymous_2)
FNDA:0,(anonymous_3)
FNDA:0,(anonymous_4)
FNDA:0,(anonymous_5)
FNDA:0,(anonymous_6)
FNDA:0,(anonymous_7)
FNDA:0,(anonymous_8)
FNDA:0,(anonymous_9)
FNDA:0,(anonymous_10)
DA:25,0
DA:26,0
DA:28,0
DA:42,0
DA:43,0
DA:44,0
DA:46,0
DA:47,0
DA:49,0
DA:50,0
DA:51,0
DA:54,0
DA:55,0
DA:56,0
DA:57,0
DA:58,0
DA:59,0
DA:60,0
DA:63,0
DA:65,0
DA:66,0
DA:67,0
DA:69,0
DA:73,0
DA:74,0
DA:189,0
DA:206,0
DA:223,0
DA:248,0
DA:250,0
DA:251,0
LF:31
LH:0
BRDA:58,0,0,0
BRDA:58,0,1,0
BRDA:65,1,0,0
BRDA:65,1,1,0
BRDA:69,2,0,0
BRDA:69,2,1,0
BRDA:73,3,0,0
BRDA:73,3,1,0
BRDA:118,4,0,0
BRDA:118,4,1,0
BRDA:132,5,0,0
BRDA:132,5,1,0
BRDA:146,6,0,0
BRDA:146,6,1,0
BRDA:185,7,0,0
BRDA:185,7,1,0
BRDA:188,8,0,0
BRDA:188,8,1,0
BRDA:188,8,2,0
BRDA:202,9,0,0
BRDA:202,9,1,0
BRDA:205,10,0,0
BRDA:205,10,1,0
BRDA:205,10,2,0
BRDA:219,11,0,0
BRDA:219,11,1,0
BRDA:222,12,0,0
BRDA:222,12,1,0
BRDA:222,12,2,0
BRDA:250,13,0,0
BRDA:250,13,1,0
BRF:31
BRH:0
end_of_record
TN:
SF:src\nodedashboardassets\NodeIdCard.js
FN:24,NodeIdCard
FN:49,(anonymous_1)
FN:50,(anonymous_2)
FN:52,(anonymous_3)
FN:56,(anonymous_4)
FN:59,(anonymous_5)
FN:187,(anonymous_6)
FN:206,(anonymous_7)
FN:225,(anonymous_8)
FN:247,(anonymous_9)
FN:248,(anonymous_10)
FNF:11
FNH:0
FNDA:0,NodeIdCard
FNDA:0,(anonymous_1)
FNDA:0,(anonymous_2)
FNDA:0,(anonymous_3)
FNDA:0,(anonymous_4)
FNDA:0,(anonymous_5)
FNDA:0,(anonymous_6)
FNDA:0,(anonymous_7)
FNDA:0,(anonymous_8)
FNDA:0,(anonymous_9)
FNDA:0,(anonymous_10)
DA:25,0
DA:26,0
DA:27,0
DA:28,0
DA:33,0
DA:35,0
DA:49,0
DA:50,0
DA:52,0
DA:53,0
DA:54,0
DA:56,0
DA:57,0
DA:58,0
DA:59,0
DA:60,0
DA:61,0
DA:62,0
DA:65,0
DA:67,0
DA:68,0
DA:69,0
DA:71,0
DA:75,0
DA:77,0
DA:187,0
DA:206,0
DA:225,0
DA:247,0
DA:249,0
DA:250,0
LF:31
LH:0
BRDA:60,0,0,0
BRDA:60,0,1,0
BRDA:67,1,0,0
BRDA:67,1,1,0
BRDA:71,2,0,0
BRDA:71,2,1,0
BRDA:75,3,0,0
BRDA:75,3,1,0
BRDA:75,4,0,0
BRDA:75,4,1,0
BRDA:128,5,0,0
BRDA:128,5,1,0
BRDA:141,6,0,0
BRDA:141,6,1,0
BRDA:185,7,0,0
BRDA:185,7,1,0
BRDA:185,7,2,0
BRDA:202,8,0,0
BRDA:202,8,1,0
BRDA:204,9,0,0
BRDA:204,9,1,0
BRDA:204,9,2,0
BRDA:221,10,0,0
BRDA:221,10,1,0
BRDA:223,11,0,0
BRDA:223,11,1,0
BRDA:223,11,2,0
BRDA:249,12,0,0
BRDA:249,12,1,0
BRF:29
BRH:0
end_of_record
TN:
SF:src\nodedashboardassets\RamUsageChartCard.js
FN:8,RamUsageChartCard
FN:18,(anonymous_1)
FN:19,(anonymous_2)
FN:24,(anonymous_3)
FN:25,(anonymous_4)
FN:89,(anonymous_5)
FN:93,(anonymous_6)
FN:94,(anonymous_7)
FNF:8
FNH:0
FNDA:0,RamUsageChartCard
FNDA:0,(anonymous_1)
FNDA:0,(anonymous_2)
FNDA:0,(anonymous_3)
FNDA:0,(anonymous_4)
FNDA:0,(anonymous_5)
FNDA:0,(anonymous_6)
FNDA:0,(anonymous_7)
DA:9,0
DA:10,0
DA:11,0
DA:12,0
DA:16,0
DA:18,0
DA:19,0
DA:20,0
DA:21,0
DA:22,0
DA:23,0
DA:24,0
DA:25,0
DA:26,0
DA:27,0
DA:30,0
DA:89,0
DA:93,0
DA:94,0
LF:19
LH:0
BRDA:11,0,0,0
BRDA:11,0,1,0
BRDA:11,1,0,0
BRDA:11,1,1,0
BRF:4
BRH:0
end_of_record
TN:
SF:src\nodedashboardassets\RebootAlertDialog.js
FN:12,RebootAlertDialog
FN:13,(anonymous_1)
FNF:2
FNH:1
FNDA:39,RebootAlertDialog
FNDA:0,(anonymous_1)
DA:13,39
DA:14,0
DA:16,0
DA:19,0
DA:20,0
DA:24,39
LF:6
LH:2
BRDA:14,0,0,0
BRDA:14,0,1,0
BRDA:14,1,0,0
BRDA:14,1,1,0
BRDA:19,2,0,0
BRDA:19,2,1,0
BRF:6
BRH:0
end_of_record
TN:
SF:src\nodedashboardassets\TimeCard.js
FN:6,TimeCard
FNF:1
FNH:0
FNDA:0,TimeCard
DA:7,0
DA:8,0
DA:9,0
DA:11,0
LF:4
LH:0
BRDA:44,0,0,0
BRDA:44,0,1,0
BRDA:44,1,0,0
BRDA:44,1,1,0
BRF:4
BRH:0
end_of_record
TN:
SF:src\nodedashboardassets\TopBar.js
FN:6,TopBar
FNF:1
FNH:0
FNDA:0,TopBar
DA:7,0
DA:8,0
DA:9,0
LF:3
LH:0
BRDA:17,0,0,0
BRDA:17,0,1,0
BRDA:28,1,0,0
BRDA:28,1,1,0
BRDA:30,2,0,0
BRDA:30,2,1,0
BRDA:32,3,0,0
BRDA:32,3,1,0
BRDA:37,4,0,0
BRDA:37,4,1,0
BRDA:37,4,2,0
BRDA:43,5,0,0
BRDA:43,5,1,0
BRDA:47,6,0,0
BRDA:47,6,1,0
BRDA:53,7,0,0
BRDA:53,7,1,0
BRDA:55,8,0,0
BRDA:55,8,1,0
BRF:19
BRH:0
end_of_record
TN:
SF:src\theme\DarkModeToggle.js
FN:6,DarkModeToggle
FNF:1
FNH:1
FNDA:23,DarkModeToggle
DA:7,23
DA:9,23
LF:2
LH:2
BRDA:10,0,0,23
BRDA:10,0,1,0
BRDA:12,1,0,23
BRDA:12,1,1,0
BRF:4
BRH:2
end_of_record
TN:
SF:src\theme\ThemeContext.js
FN:8,(anonymous_0)
FN:16,(anonymous_1)
FN:18,(anonymous_2)
FN:24,(anonymous_3)
FN:50,(anonymous_4)
FN:71,(anonymous_5)
FN:72,(anonymous_6)
FNF:7
FNH:5
FNDA:23,(anonymous_0)
FNDA:39,(anonymous_1)
FNDA:19,(anonymous_2)
FNDA:19,(anonymous_3)
FNDA:19,(anonymous_4)
FNDA:0,(anonymous_5)
FNDA:0,(anonymous_6)
DA:6,4
DA:8,4
DA:9,23
DA:10,23
DA:11,0
DA:13,23
DA:16,4
DA:18,39
DA:19,19
DA:20,19
DA:23,39
DA:24,39
DA:25,19
DA:27,19
DA:30,19
DA:31,19
DA:33,0
DA:34,0
DA:35,0
DA:36,0
DA:39,19
DA:40,19
DA:41,19
DA:42,19
DA:46,19
DA:47,0
DA:50,39
DA:52,19
DA:55,19
DA:56,19
DA:58,0
DA:59,0
DA:60,0
DA:61,0
DA:64,19
DA:65,19
DA:66,19
DA:67,19
DA:71,39
DA:72,0
DA:75,39
DA:82,39
LF:42
LH:31
BRDA:10,0,0,0
BRDA:10,0,1,23
BRDA:20,1,0,1
BRDA:20,1,1,18
BRDA:31,2,0,0
BRDA:31,2,1,19
BRDA:46,3,0,0
BRDA:46,3,1,19
BRDA:46,4,0,19
BRDA:46,4,1,0
BRDA:56,5,0,0
BRDA:56,5,1,19
BRDA:72,6,0,0
BRDA:72,6,1,0
BRF:14
BRH:7
end_of_record
TN:
SF:src\theme\index.js
FNF:0
FNH:0
LF:0
LH:0
BRF:0
BRH:0
end_of_record
TN:
SF:src\theme\theme.js
FN:181,(anonymous_0)
FN:267,(anonymous_1)
FNF:2
FNH:2
FNDA:39,(anonymous_0)
FNDA:23,(anonymous_1)
DA:4,4
DA:91,4
DA:181,4
DA:182,39
DA:184,39
DA:267,23
LF:6
LH:6
BRDA:182,0,0,0
BRDA:182,0,1,39
BRF:2
BRH:1
end_of_record
